Using pre-set license
Built from '2021.2/staging' branch; Version is '2021.2.11f1 (e50cafbb4399) revision 15010991'; Using compiler version '192829333'; Build Type 'Release'
OS: 'Windows 10  (10.0.18362) 64bit Professional' Language: 'en' Physical Memory: 16267 MB
BatchMode: 1, IsHumanControllingUs: 0, StartBugReporterOnCrash: 0, Is64bit: 1, IsPro: 0

COMMAND LINE ARGUMENTS:
D:\Unity\2021.2.11f1\Editor\Unity.exe
-adb2
-batchMode
-noUpm
-name
AssetImportWorker0
-projectPath
D:/GitHub/GameLab/GameLab
-logFile
Logs/AssetImportWorker0.log
-srvPort
53993
Successfully changed project path to: D:/GitHub/GameLab/GameLab
D:/GitHub/GameLab/GameLab
[UnityMemory] Configuration Parameters - Can be set up in boot.config
    "memorysetup-bucket-allocator-granularity=16"
    "memorysetup-bucket-allocator-bucket-count=8"
    "memorysetup-bucket-allocator-block-size=33554432"
    "memorysetup-bucket-allocator-block-count=8"
    "memorysetup-main-allocator-block-size=16777216"
    "memorysetup-thread-allocator-block-size=16777216"
    "memorysetup-gfx-main-allocator-block-size=16777216"
    "memorysetup-gfx-thread-allocator-block-size=16777216"
    "memorysetup-cache-allocator-block-size=4194304"
    "memorysetup-typetree-allocator-block-size=2097152"
    "memorysetup-profiler-bucket-allocator-granularity=16"
    "memorysetup-profiler-bucket-allocator-bucket-count=8"
    "memorysetup-profiler-bucket-allocator-block-size=33554432"
    "memorysetup-profiler-bucket-allocator-block-count=8"
    "memorysetup-profiler-allocator-block-size=16777216"
    "memorysetup-profiler-editor-allocator-block-size=1048576"
    "memorysetup-temp-allocator-size-main=16777216"
    "memorysetup-job-temp-allocator-block-size=2097152"
    "memorysetup-job-temp-allocator-block-size-background=1048576"
    "memorysetup-job-temp-allocator-reduction-small-platforms=262144"
    "memorysetup-temp-allocator-size-background-worker=32768"
    "memorysetup-temp-allocator-size-job-worker=262144"
    "memorysetup-temp-allocator-size-preload-manager=33554432"
    "memorysetup-temp-allocator-size-nav-mesh-worker=65536"
    "memorysetup-temp-allocator-size-audio-worker=65536"
    "memorysetup-temp-allocator-size-cloud-worker=32768"
    "memorysetup-temp-allocator-size-gi-baking-worker=262144"
    "memorysetup-temp-allocator-size-gfx=262144"
Refreshing native plugins compatible for Editor in 75.74 ms, found 2 plugins.
Preloading 0 native plugins for Editor in 0.00 ms.
Initialize engine version: 2021.2.11f1 (e50cafbb4399)
[Subsystems] Discovering subsystems at path D:/Unity/2021.2.11f1/Editor/Data/Resources/UnitySubsystems
[Subsystems] Discovering subsystems at path D:/GitHub/GameLab/GameLab/Assets
GfxDevice: creating device client; threaded=0; jobified=0
Direct3D:
    Version:  Direct3D 11.0 [level 11.0]
    Renderer: NVIDIA GeForce GTX 760M (ID=0x11e3)
    Vendor:   NVIDIA
    VRAM:     2009 MB
    Driver:   25.21.14.2531
Shader 'Hidden/BOXOPHOBIC/The Vegetation Engine/Helpers/Debug': dependency 'LightMode' shader 'ForwardBase' not found
Initialize mono
Mono path[0] = 'D:/Unity/2021.2.11f1/Editor/Data/Managed'
Mono path[1] = 'D:/Unity/2021.2.11f1/Editor/Data/MonoBleedingEdge/lib/mono/unityjit-win32'
Mono config path = 'D:/Unity/2021.2.11f1/Editor/Data/MonoBleedingEdge/etc'
Using monoOptions --debugger-agent=transport=dt_socket,embedding=1,server=y,suspend=n,address=127.0.0.1:56856
Begin MonoManager ReloadAssembly
Registering precompiled unity dll's ...
Register platform support module: D:/Unity/2021.2.11f1/Editor/Data/PlaybackEngines/WindowsStandaloneSupport/UnityEditor.WindowsStandalone.Extensions.dll
Registered in 0.002157 seconds.
Native extension for WindowsStandalone target not found
Refreshing native plugins compatible for Editor in 82.30 ms, found 2 plugins.
Preloading 0 native plugins for Editor in 0.00 ms.
Mono: successfully reloaded assembly
- Completed reload, in  0.817 seconds
Domain Reload Profiling:
	ReloadAssembly (818ms)
		BeginReloadAssembly (85ms)
			ExecutionOrderSort (0ms)
			DisableScriptedObjects (0ms)
			BackupInstance (0ms)
			ReleaseScriptingObjects (0ms)
			CreateAndSetChildDomain (1ms)
		EndReloadAssembly (645ms)
			LoadAssemblies (84ms)
			RebuildTransferFunctionScriptingTraits (0ms)
			SetupTypeCache (147ms)
			ReleaseScriptCaches (0ms)
			RebuildScriptCaches (38ms)
			SetupLoadedEditorAssemblies (396ms)
				LogAssemblyErrors (0ms)
				InitializePlatformSupportModulesInManaged (18ms)
				SetLoadedEditorAssemblies (0ms)
				RefreshPlugins (82ms)
				BeforeProcessingInitializeOnLoad (2ms)
				ProcessInitializeOnLoadAttributes (223ms)
				ProcessInitializeOnLoadMethodAttributes (71ms)
				AfterProcessingInitializeOnLoad (0ms)
				EditorAssembliesLoaded (0ms)
			ExecutionOrderSort2 (0ms)
			AwakeInstancesAfterBackupRestoration (0ms)
Platform modules already initialized, skipping
Registering precompiled user dll's ...
Registered in 0.005905 seconds.
Begin MonoManager ReloadAssembly
Native extension for WindowsStandalone target not found
Refreshing native plugins compatible for Editor in 71.51 ms, found 2 plugins.
Preloading 0 native plugins for Editor in 0.00 ms.
Mono: successfully reloaded assembly
- Completed reload, in  2.140 seconds
Domain Reload Profiling:
	ReloadAssembly (2141ms)
		BeginReloadAssembly (143ms)
			ExecutionOrderSort (0ms)
			DisableScriptedObjects (9ms)
			BackupInstance (0ms)
			ReleaseScriptingObjects (0ms)
			CreateAndSetChildDomain (31ms)
		EndReloadAssembly (1882ms)
			LoadAssemblies (87ms)
			RebuildTransferFunctionScriptingTraits (0ms)
			SetupTypeCache (309ms)
			ReleaseScriptCaches (1ms)
			RebuildScriptCaches (83ms)
			SetupLoadedEditorAssemblies (1339ms)
				LogAssemblyErrors (0ms)
				InitializePlatformSupportModulesInManaged (13ms)
				SetLoadedEditorAssemblies (0ms)
				RefreshPlugins (72ms)
				BeforeProcessingInitializeOnLoad (93ms)
				ProcessInitializeOnLoadAttributes (1060ms)
				ProcessInitializeOnLoadMethodAttributes (99ms)
				AfterProcessingInitializeOnLoad (3ms)
				EditorAssembliesLoaded (0ms)
			ExecutionOrderSort2 (0ms)
			AwakeInstancesAfterBackupRestoration (8ms)
Platform modules already initialized, skipping
========================================================================
Worker process is ready to serve import requests
Shader 'Hidden/BOXOPHOBIC/The Vegetation Engine/Helpers/Debug': dependency 'LightMode' shader 'ForwardBase' not found
Launched and connected shader compiler UnityShaderCompiler.exe after 0.11 seconds
Refreshing native plugins compatible for Editor in 1.65 ms, found 2 plugins.
Preloading 0 native plugins for Editor in 0.00 ms.
Unloading 3595 Unused Serialized files (Serialized files now loaded: 0)
Unloading 47 unused Assets / (0.9 MB). Loaded Objects now: 4053.
Memory consumption went from 177.0 MB to 176.1 MB.
Total: 8.630700 ms (FindLiveObjects: 0.693200 ms CreateObjectMapping: 0.620900 ms MarkObjects: 6.889600 ms  DeleteObjects: 0.424900 ms)

AssetImportParameters requested are different than current active one (requested -> active):
  custom:video-decoder-ogg-theora: a1e56fd34408186e4bbccfd4996cb3dc -> 
  custom:container-muxer-webm: aa71ff27fc2769a1b78a27578f13a17b -> 
  custom:container-demuxer-webm: 4f35f7cbe854078d1ac9338744f61a02 -> 
  custom:video-encoder-webm-vp8: eb34c28f22e8b96e1ab97ce403110664 -> 
  custom:video-codec-MediaFoundation-h265: 746d11721c4dcdbdad8f713fa42b33f4 -> 
  custom:audio-encoder-webm-vorbis: bf7c407c2cedff20999df2af8eb42d56 -> 
  custom:framework-win-MediaFoundation: 216162199b28c13a410421893ffa2e32 -> 
  custom:container-demuxer-ogg: 62fdf1f143b41e24485cea50d1cbac27 -> 
  custom:video-decoder-webm-vp8: 9c59270c3fd7afecdb556c50c9e8de78 -> 
  custom:audio-decoder-ogg-vorbis: bf7c407c2cedff20999df2af8eb42d56 -> 
========================================================================
Received Import Request.
  Time since last request: 76106.107834 seconds.
  path: Assets/REDACTED/Antonio/Trees/NewRedWood2
  artifactKey: Guid(828643222337a2d4c8fe627ff13157db) Importer(815301076,1909f56bfc062723c751e8b465ee728b)
Start importing Assets/REDACTED/Antonio/Trees/NewRedWood2 using Guid(828643222337a2d4c8fe627ff13157db) Importer(815301076,1909f56bfc062723c751e8b465ee728b)  -> (artifact id: 'd3033ea51ec3f767f555df6f94c03317') in 0.018836 seconds 
========================================================================
Received Import Request.
  Time since last request: 0.000039 seconds.
  path: Assets/REDACTED/Antonio/Terrain/Terrain_0_0_3e603869-05e9-4b05-bbb1-2d801ce6ccb7.asset
  artifactKey: Guid(489fd130e92977a40aebc1f0d7a9e08b) Importer(815301076,1909f56bfc062723c751e8b465ee728b)
Start importing Assets/REDACTED/Antonio/Terrain/Terrain_0_0_3e603869-05e9-4b05-bbb1-2d801ce6ccb7.asset using Guid(489fd130e92977a40aebc1f0d7a9e08b) Importer(815301076,1909f56bfc062723c751e8b465ee728b) 

 -> (artifact id: '6de41da8b40a8abca7d73528e9db973f') in 0.447591 seconds 
========================================================================
Received Import Request.
  Time since last request: 0.000039 seconds.
  path: Assets/REDACTED/Antonio/Trees/NewRedWood5.prefab
  artifactKey: Guid(cc84ff673c963874a8168459ed516910) Importer(815301076,1909f56bfc062723c751e8b465ee728b)
Start importing Assets/REDACTED/Antonio/Trees/NewRedWood5.prefab using Guid(cc84ff673c963874a8168459ed516910) Importer(815301076,1909f56bfc062723c751e8b465ee728b)  -> (artifact id: '5884987dbc28ffc97ae85f76160375e8') in 8.318922 seconds 
========================================================================
Received Import Request.
  Time since last request: 47.924035 seconds.
  path: Assets/REDACTED/Igor
  artifactKey: Guid(b832d365314dcbe42be476f180dd3222) Importer(815301076,1909f56bfc062723c751e8b465ee728b)
Start importing Assets/REDACTED/Igor using Guid(b832d365314dcbe42be476f180dd3222) Importer(815301076,1909f56bfc062723c751e8b465ee728b)  -> (artifact id: 'd390d16bd3c41aa0aa83ce82fbe8116b') in 0.006383 seconds 
========================================================================
Received Import Request.
  Time since last request: 10.230621 seconds.
  path: Assets/REDACTED/Igor/Terrain.unity
  artifactKey: Guid(4b6c7cbca67e68841af43f420e1e4e6e) Importer(815301076,1909f56bfc062723c751e8b465ee728b)
Start importing Assets/REDACTED/Igor/Terrain.unity using Guid(4b6c7cbca67e68841af43f420e1e4e6e) Importer(815301076,1909f56bfc062723c751e8b465ee728b)  -> (artifact id: '97a4cbce6c6c8ee3ab1d636a8736ade3') in 0.006975 seconds 
========================================================================
Received Import Request.
  Time since last request: 3.068894 seconds.
  path: Assets/REDACTED/Igor/TerrainIgor.unity
  artifactKey: Guid(4b6c7cbca67e68841af43f420e1e4e6e) Importer(815301076,1909f56bfc062723c751e8b465ee728b)
Start importing Assets/REDACTED/Igor/TerrainIgor.unity using Guid(4b6c7cbca67e68841af43f420e1e4e6e) Importer(815301076,1909f56bfc062723c751e8b465ee728b)  -> (artifact id: '4dcf327199f6c94acd82c1f214c69a5b') in 0.005961 seconds 
========================================================================
Received Prepare
Registering precompiled user dll's ...
Registered in 0.004438 seconds.
Begin MonoManager ReloadAssembly
Native extension for WindowsStandalone target not found
Refreshing native plugins compatible for Editor in 0.89 ms, found 2 plugins.
Preloading 0 native plugins for Editor in 0.00 ms.
Mono: successfully reloaded assembly
- Completed reload, in  1.998 seconds
Domain Reload Profiling:
	ReloadAssembly (1999ms)
		BeginReloadAssembly (178ms)
			ExecutionOrderSort (0ms)
			DisableScriptedObjects (9ms)
			BackupInstance (0ms)
			ReleaseScriptingObjects (0ms)
			CreateAndSetChildDomain (60ms)
		EndReloadAssembly (1699ms)
			LoadAssemblies (100ms)
			RebuildTransferFunctionScriptingTraits (0ms)
			SetupTypeCache (386ms)
			ReleaseScriptCaches (2ms)
			RebuildScriptCaches (62ms)
			SetupLoadedEditorAssemblies (1027ms)
				LogAssemblyErrors (0ms)
				InitializePlatformSupportModulesInManaged (15ms)
				SetLoadedEditorAssemblies (1ms)
				RefreshPlugins (1ms)
				BeforeProcessingInitializeOnLoad (85ms)
				ProcessInitializeOnLoadAttributes (778ms)
				ProcessInitializeOnLoadMethodAttributes (141ms)
				AfterProcessingInitializeOnLoad (6ms)
				EditorAssembliesLoaded (0ms)
			ExecutionOrderSort2 (0ms)
			AwakeInstancesAfterBackupRestoration (36ms)
Platform modules already initialized, skipping
Shader 'Hidden/BOXOPHOBIC/The Vegetation Engine/Helpers/Debug': dependency 'LightMode' shader 'ForwardBase' not found
Refreshing native plugins compatible for Editor in 1.56 ms, found 2 plugins.
Preloading 0 native plugins for Editor in 0.00 ms.
Unloading 3415 Unused Serialized files (Serialized files now loaded: 0)
Unloading 32 unused Assets / (0.8 MB). Loaded Objects now: 4146.
Memory consumption went from 176.1 MB to 175.3 MB.
Total: 9.968600 ms (FindLiveObjects: 1.630500 ms CreateObjectMapping: 1.333100 ms MarkObjects: 6.646300 ms  DeleteObjects: 0.356200 ms)

AssetImportParameters requested are different than current active one (requested -> active):
  custom:video-decoder-ogg-theora: a1e56fd34408186e4bbccfd4996cb3dc -> 
  custom:container-muxer-webm: aa71ff27fc2769a1b78a27578f13a17b -> 
  custom:container-demuxer-webm: 4f35f7cbe854078d1ac9338744f61a02 -> 
  custom:video-encoder-webm-vp8: eb34c28f22e8b96e1ab97ce403110664 -> 
  custom:video-codec-MediaFoundation-h265: 746d11721c4dcdbdad8f713fa42b33f4 -> 
  custom:audio-encoder-webm-vorbis: bf7c407c2cedff20999df2af8eb42d56 -> 
  custom:framework-win-MediaFoundation: 216162199b28c13a410421893ffa2e32 -> 
  custom:container-demuxer-ogg: 62fdf1f143b41e24485cea50d1cbac27 -> 
  custom:video-decoder-webm-vp8: 9c59270c3fd7afecdb556c50c9e8de78 -> 
  custom:audio-decoder-ogg-vorbis: bf7c407c2cedff20999df2af8eb42d56 -> 
========================================================================
Received Prepare
Registering precompiled user dll's ...
Registered in 0.003904 seconds.
Begin MonoManager ReloadAssembly
Native extension for WindowsStandalone target not found
Refreshing native plugins compatible for Editor in 1.07 ms, found 2 plugins.
Preloading 0 native plugins for Editor in 0.00 ms.
Mono: successfully reloaded assembly
- Completed reload, in  2.169 seconds
Domain Reload Profiling:
	ReloadAssembly (2170ms)
		BeginReloadAssembly (171ms)
			ExecutionOrderSort (0ms)
			DisableScriptedObjects (11ms)
			BackupInstance (0ms)
			ReleaseScriptingObjects (0ms)
			CreateAndSetChildDomain (56ms)
		EndReloadAssembly (1876ms)
			LoadAssemblies (97ms)
			RebuildTransferFunctionScriptingTraits (0ms)
			SetupTypeCache (331ms)
			ReleaseScriptCaches (3ms)
			RebuildScriptCaches (100ms)
			SetupLoadedEditorAssemblies (1232ms)
				LogAssemblyErrors (0ms)
				InitializePlatformSupportModulesInManaged (26ms)
				SetLoadedEditorAssemblies (1ms)
				RefreshPlugins (1ms)
				BeforeProcessingInitializeOnLoad (137ms)
				ProcessInitializeOnLoadAttributes (928ms)
				ProcessInitializeOnLoadMethodAttributes (134ms)
				AfterProcessingInitializeOnLoad (5ms)
				EditorAssembliesLoaded (0ms)
			ExecutionOrderSort2 (0ms)
			AwakeInstancesAfterBackupRestoration (34ms)
Platform modules already initialized, skipping
Shader 'Hidden/BOXOPHOBIC/The Vegetation Engine/Helpers/Debug': dependency 'LightMode' shader 'ForwardBase' not found
Refreshing native plugins compatible for Editor in 3.31 ms, found 2 plugins.
Preloading 0 native plugins for Editor in 0.00 ms.
Unloading 3406 Unused Serialized files (Serialized files now loaded: 0)
Unloading 32 unused Assets / (0.8 MB). Loaded Objects now: 4148.
Memory consumption went from 175.4 MB to 174.6 MB.
Total: 10.260000 ms (FindLiveObjects: 0.753200 ms CreateObjectMapping: 0.638200 ms MarkObjects: 8.592800 ms  DeleteObjects: 0.273400 ms)

AssetImportParameters requested are different than current active one (requested -> active):
  custom:video-decoder-ogg-theora: a1e56fd34408186e4bbccfd4996cb3dc -> 
  custom:container-muxer-webm: aa71ff27fc2769a1b78a27578f13a17b -> 
  custom:container-demuxer-webm: 4f35f7cbe854078d1ac9338744f61a02 -> 
  custom:video-encoder-webm-vp8: eb34c28f22e8b96e1ab97ce403110664 -> 
  custom:video-codec-MediaFoundation-h265: 746d11721c4dcdbdad8f713fa42b33f4 -> 
  custom:audio-encoder-webm-vorbis: bf7c407c2cedff20999df2af8eb42d56 -> 
  custom:framework-win-MediaFoundation: 216162199b28c13a410421893ffa2e32 -> 
  custom:container-demuxer-ogg: 62fdf1f143b41e24485cea50d1cbac27 -> 
  custom:video-decoder-webm-vp8: 9c59270c3fd7afecdb556c50c9e8de78 -> 
  custom:audio-decoder-ogg-vorbis: bf7c407c2cedff20999df2af8eb42d56 -> 
========================================================================
Received Import Request.
  Time since last request: 193.887095 seconds.
  path: Assets/REDACTED/Igor/Candle.fbx
  artifactKey: Guid(6ad7f2c475713bd4aad29000f304327f) Importer(815301076,1909f56bfc062723c751e8b465ee728b)
Start importing Assets/REDACTED/Igor/Candle.fbx using Guid(6ad7f2c475713bd4aad29000f304327f) Importer(815301076,1909f56bfc062723c751e8b465ee728b)  -> (artifact id: 'b74d642cd3667498c58de6e242bcfb6e') in 2.576321 seconds 
========================================================================
Received Import Request.
  Time since last request: 312.166518 seconds.
  path: Assets/REDACTED/Igor/flame_test_shading_1.1.png
  artifactKey: Guid(b7855362921db0d48913d09caa4ff75a) Importer(815301076,1909f56bfc062723c751e8b465ee728b)
Start importing Assets/REDACTED/Igor/flame_test_shading_1.1.png using Guid(b7855362921db0d48913d09caa4ff75a) Importer(815301076,1909f56bfc062723c751e8b465ee728b)  -> (artifact id: '6d41546e2c7b08f0640275339ae2589f') in 0.111283 seconds 
========================================================================
Received Import Request.
  Time since last request: 9.785246 seconds.
  path: Assets/REDACTED/Igor/flame_test_shading_1.1.png
  artifactKey: Guid(b7855362921db0d48913d09caa4ff75a) Importer(815301076,1909f56bfc062723c751e8b465ee728b)
Start importing Assets/REDACTED/Igor/flame_test_shading_1.1.png using Guid(b7855362921db0d48913d09caa4ff75a) Importer(815301076,1909f56bfc062723c751e8b465ee728b)  -> (artifact id: 'e2338f0c9aa00931471dac87cccfba08') in 0.384370 seconds 
========================================================================
Received Import Request.
  Time since last request: 4.760861 seconds.
  path: Assets/REDACTED/Igor/chrome_2022-02-19_13-27-02.png
  artifactKey: Guid(6063af22183c63548b4e516d9b56c683) Importer(815301076,1909f56bfc062723c751e8b465ee728b)
Start importing Assets/REDACTED/Igor/chrome_2022-02-19_13-27-02.png using Guid(6063af22183c63548b4e516d9b56c683) Importer(815301076,1909f56bfc062723c751e8b465ee728b)  -> (artifact id: 'cc3a9965174a401fb790bd8152bc5cdf') in 0.019846 seconds 
========================================================================
Received Import Request.
  Time since last request: 7.264302 seconds.
  path: Assets/REDACTED/Igor/chrome_2022-02-19_13-27-02.png
  artifactKey: Guid(6063af22183c63548b4e516d9b56c683) Importer(815301076,1909f56bfc062723c751e8b465ee728b)
Start importing Assets/REDACTED/Igor/chrome_2022-02-19_13-27-02.png using Guid(6063af22183c63548b4e516d9b56c683) Importer(815301076,1909f56bfc062723c751e8b465ee728b)  -> (artifact id: '52382a76d9d727e90fa600bac2a16704') in 0.020222 seconds 
========================================================================
Received Import Request.
  Time since last request: 41.969277 seconds.
  path: Assets/REDACTED/Igor/CandleWick.mat
  artifactKey: Guid(57d2c1c6d9f148c428633412759048a2) Importer(815301076,1909f56bfc062723c751e8b465ee728b)
Start importing Assets/REDACTED/Igor/CandleWick.mat using Guid(57d2c1c6d9f148c428633412759048a2) Importer(815301076,1909f56bfc062723c751e8b465ee728b)  -> (artifact id: 'aee4c14c45589ba9c396db91c521d673') in 0.025910 seconds 
========================================================================
Received Prepare
Registering precompiled user dll's ...
Registered in 0.005656 seconds.
Begin MonoManager ReloadAssembly
Native extension for WindowsStandalone target not found
Refreshing native plugins compatible for Editor in 1.63 ms, found 2 plugins.
Preloading 0 native plugins for Editor in 0.00 ms.
[ScriptCompilation] NOT recompiling all scripts because this is an import worker process. Reason to compile was: Define symbols changed
Mono: successfully reloaded assembly
- Completed reload, in  3.777 seconds
Domain Reload Profiling:
	ReloadAssembly (3779ms)
		BeginReloadAssembly (315ms)
			ExecutionOrderSort (0ms)
			DisableScriptedObjects (44ms)
			BackupInstance (0ms)
			ReleaseScriptingObjects (0ms)
			CreateAndSetChildDomain (83ms)
		EndReloadAssembly (3254ms)
			LoadAssemblies (167ms)
			RebuildTransferFunctionScriptingTraits (0ms)
			SetupTypeCache (584ms)
			ReleaseScriptCaches (4ms)
			RebuildScriptCaches (234ms)
			SetupLoadedEditorAssemblies (1238ms)
				LogAssemblyErrors (0ms)
				InitializePlatformSupportModulesInManaged (23ms)
				SetLoadedEditorAssemblies (1ms)
				RefreshPlugins (2ms)
				BeforeProcessingInitializeOnLoad (121ms)
				ProcessInitializeOnLoadAttributes (870ms)
				ProcessInitializeOnLoadMethodAttributes (214ms)
				AfterProcessingInitializeOnLoad (7ms)
				EditorAssembliesLoaded (0ms)
			ExecutionOrderSort2 (0ms)
			AwakeInstancesAfterBackupRestoration (69ms)
Platform modules already initialized, skipping
Shader 'Hidden/BOXOPHOBIC/The Vegetation Engine/Helpers/Debug': dependency 'LightMode' shader 'ForwardBase' not found
Refreshing native plugins compatible for Editor in 1.60 ms, found 2 plugins.
Preloading 0 native plugins for Editor in 0.00 ms.
Unloading 4065 Unused Serialized files (Serialized files now loaded: 0)
Unloading 232 unused Assets / (11.4 MB). Loaded Objects now: 4746.
Memory consumption went from 241.3 MB to 229.8 MB.
Total: 19.290600 ms (FindLiveObjects: 0.804200 ms CreateObjectMapping: 0.712900 ms MarkObjects: 8.293600 ms  DeleteObjects: 9.477300 ms)

AssetImportParameters requested are different than current active one (requested -> active):
  custom:video-decoder-ogg-theora: a1e56fd34408186e4bbccfd4996cb3dc -> 
  custom:container-muxer-webm: aa71ff27fc2769a1b78a27578f13a17b -> 
  custom:container-demuxer-webm: 4f35f7cbe854078d1ac9338744f61a02 -> 
  custom:video-encoder-webm-vp8: eb34c28f22e8b96e1ab97ce403110664 -> 
  custom:video-codec-MediaFoundation-h265: 746d11721c4dcdbdad8f713fa42b33f4 -> 
  custom:audio-encoder-webm-vorbis: bf7c407c2cedff20999df2af8eb42d56 -> 
  custom:framework-win-MediaFoundation: 216162199b28c13a410421893ffa2e32 -> 
  custom:container-demuxer-ogg: 62fdf1f143b41e24485cea50d1cbac27 -> 
  custom:video-decoder-webm-vp8: 9c59270c3fd7afecdb556c50c9e8de78 -> 
  custom:audio-decoder-ogg-vorbis: bf7c407c2cedff20999df2af8eb42d56 -> 
========================================================================
Received Prepare
Registering precompiled user dll's ...
Registered in 0.004496 seconds.
Begin MonoManager ReloadAssembly
Native extension for WindowsStandalone target not found
Refreshing native plugins compatible for Editor in 1.12 ms, found 2 plugins.
Preloading 0 native plugins for Editor in 0.00 ms.
[ScriptCompilation] NOT recompiling all scripts because this is an import worker process. Reason to compile was: Define symbols changed
Mono: successfully reloaded assembly
- Completed reload, in  1.965 seconds
Domain Reload Profiling:
	ReloadAssembly (1966ms)
		BeginReloadAssembly (186ms)
			ExecutionOrderSort (0ms)
			DisableScriptedObjects (13ms)
			BackupInstance (0ms)
			ReleaseScriptingObjects (0ms)
			CreateAndSetChildDomain (54ms)
		EndReloadAssembly (1592ms)
			LoadAssemblies (113ms)
			RebuildTransferFunctionScriptingTraits (0ms)
			SetupTypeCache (436ms)
			ReleaseScriptCaches (3ms)
			RebuildScriptCaches (133ms)
			SetupLoadedEditorAssemblies (760ms)
				LogAssemblyErrors (0ms)
				InitializePlatformSupportModulesInManaged (16ms)
				SetLoadedEditorAssemblies (1ms)
				RefreshPlugins (1ms)
				BeforeProcessingInitializeOnLoad (91ms)
				ProcessInitializeOnLoadAttributes (521ms)
				ProcessInitializeOnLoadMethodAttributes (127ms)
				AfterProcessingInitializeOnLoad (3ms)
				EditorAssembliesLoaded (0ms)
			ExecutionOrderSort2 (0ms)
			AwakeInstancesAfterBackupRestoration (25ms)
Platform modules already initialized, skipping
Shader 'Hidden/BOXOPHOBIC/The Vegetation Engine/Helpers/Debug': dependency 'LightMode' shader 'ForwardBase' not found
Refreshing native plugins compatible for Editor in 1.84 ms, found 2 plugins.
Preloading 0 native plugins for Editor in 0.00 ms.
Unloading 4063 Unused Serialized files (Serialized files now loaded: 0)
Unloading 232 unused Assets / (11.4 MB). Loaded Objects now: 4748.
Memory consumption went from 241.1 MB to 229.6 MB.
Total: 17.107200 ms (FindLiveObjects: 0.821500 ms CreateObjectMapping: 0.727900 ms MarkObjects: 6.856200 ms  DeleteObjects: 8.699500 ms)

AssetImportParameters requested are different than current active one (requested -> active):
  custom:video-decoder-ogg-theora: a1e56fd34408186e4bbccfd4996cb3dc -> 
  custom:container-muxer-webm: aa71ff27fc2769a1b78a27578f13a17b -> 
  custom:container-demuxer-webm: 4f35f7cbe854078d1ac9338744f61a02 -> 
  custom:video-encoder-webm-vp8: eb34c28f22e8b96e1ab97ce403110664 -> 
  custom:video-codec-MediaFoundation-h265: 746d11721c4dcdbdad8f713fa42b33f4 -> 
  custom:audio-encoder-webm-vorbis: bf7c407c2cedff20999df2af8eb42d56 -> 
  custom:framework-win-MediaFoundation: 216162199b28c13a410421893ffa2e32 -> 
  custom:container-demuxer-ogg: 62fdf1f143b41e24485cea50d1cbac27 -> 
  custom:video-decoder-webm-vp8: 9c59270c3fd7afecdb556c50c9e8de78 -> 
  custom:audio-decoder-ogg-vorbis: bf7c407c2cedff20999df2af8eb42d56 -> 
========================================================================
Received Import Request.
  Time since last request: 135.571510 seconds.
  path: Assets/REDACTED/Igor/CandleWick.shader
  artifactKey: Guid(e998ee6886dfbd54bb0ce412a71f68fa) Importer(815301076,1909f56bfc062723c751e8b465ee728b)
Start importing Assets/REDACTED/Igor/CandleWick.shader using Guid(e998ee6886dfbd54bb0ce412a71f68fa) Importer(815301076,1909f56bfc062723c751e8b465ee728b)  -> (artifact id: '8670aa63074fdcccaa30b34991b7e374') in 0.043507 seconds 
========================================================================
Received Prepare
Registering precompiled user dll's ...
Registered in 0.006213 seconds.
Begin MonoManager ReloadAssembly
Native extension for WindowsStandalone target not found
Refreshing native plugins compatible for Editor in 1.21 ms, found 2 plugins.
Preloading 0 native plugins for Editor in 0.00 ms.
Mono: successfully reloaded assembly
- Completed reload, in  2.055 seconds
Domain Reload Profiling:
	ReloadAssembly (2056ms)
		BeginReloadAssembly (221ms)
			ExecutionOrderSort (0ms)
			DisableScriptedObjects (14ms)
			BackupInstance (0ms)
			ReleaseScriptingObjects (0ms)
			CreateAndSetChildDomain (65ms)
		EndReloadAssembly (1669ms)
			LoadAssemblies (140ms)
			RebuildTransferFunctionScriptingTraits (0ms)
			SetupTypeCache (467ms)
			ReleaseScriptCaches (3ms)
			RebuildScriptCaches (150ms)
			SetupLoadedEditorAssemblies (815ms)
				LogAssemblyErrors (0ms)
				InitializePlatformSupportModulesInManaged (13ms)
				SetLoadedEditorAssemblies (1ms)
				RefreshPlugins (1ms)
				BeforeProcessingInitializeOnLoad (80ms)
				ProcessInitializeOnLoadAttributes (590ms)
				ProcessInitializeOnLoadMethodAttributes (126ms)
				AfterProcessingInitializeOnLoad (4ms)
				EditorAssembliesLoaded (0ms)
			ExecutionOrderSort2 (0ms)
			AwakeInstancesAfterBackupRestoration (35ms)
Platform modules already initialized, skipping
Shader 'Hidden/BOXOPHOBIC/The Vegetation Engine/Helpers/Debug': dependency 'LightMode' shader 'ForwardBase' not found
Refreshing native plugins compatible for Editor in 1.89 ms, found 2 plugins.
Preloading 0 native plugins for Editor in 0.00 ms.
Unloading 4070 Unused Serialized files (Serialized files now loaded: 0)
Unloading 239 unused Assets / (13.0 MB). Loaded Objects now: 4750.
Memory consumption went from 243.5 MB to 230.5 MB.
Total: 19.012500 ms (FindLiveObjects: 0.811000 ms CreateObjectMapping: 0.739500 ms MarkObjects: 7.849900 ms  DeleteObjects: 9.609400 ms)

AssetImportParameters requested are different than current active one (requested -> active):
  custom:video-decoder-ogg-theora: a1e56fd34408186e4bbccfd4996cb3dc -> 
  custom:container-muxer-webm: aa71ff27fc2769a1b78a27578f13a17b -> 
  custom:container-demuxer-webm: 4f35f7cbe854078d1ac9338744f61a02 -> 
  custom:video-encoder-webm-vp8: eb34c28f22e8b96e1ab97ce403110664 -> 
  custom:video-codec-MediaFoundation-h265: 746d11721c4dcdbdad8f713fa42b33f4 -> 
  custom:audio-encoder-webm-vorbis: bf7c407c2cedff20999df2af8eb42d56 -> 
  custom:framework-win-MediaFoundation: 216162199b28c13a410421893ffa2e32 -> 
  custom:container-demuxer-ogg: 62fdf1f143b41e24485cea50d1cbac27 -> 
  custom:video-decoder-webm-vp8: 9c59270c3fd7afecdb556c50c9e8de78 -> 
  custom:audio-decoder-ogg-vorbis: bf7c407c2cedff20999df2af8eb42d56 -> 
========================================================================
Received Import Request.
  Time since last request: 45.984987 seconds.
  path: Assets/AmplifyShaderEditor/Plugins/EditorResources/Textures/About.png
  artifactKey: Guid(8aba6bb20faf8824d9d81946542f1ce1) Importer(815301076,1909f56bfc062723c751e8b465ee728b)
Start importing Assets/AmplifyShaderEditor/Plugins/EditorResources/Textures/About.png using Guid(8aba6bb20faf8824d9d81946542f1ce1) Importer(815301076,1909f56bfc062723c751e8b465ee728b)  -> (artifact id: '61f17755523db811128f36031adc4664') in 0.081598 seconds 
========================================================================
Received Import Request.
  Time since last request: 0.000027 seconds.
  path: Assets/AllSkyFree/Overcast Low/AllSky_Overcast4_Low.png
  artifactKey: Guid(c8f21f62fdb3e43c5b32917c84683698) Importer(815301076,1909f56bfc062723c751e8b465ee728b)
Start importing Assets/AllSkyFree/Overcast Low/AllSky_Overcast4_Low.png using Guid(c8f21f62fdb3e43c5b32917c84683698) Importer(815301076,1909f56bfc062723c751e8b465ee728b)  -> (artifact id: '24741d7c65941d19799ef391e67c1341') in 0.858459 seconds 
========================================================================
Received Import Request.
  Time since last request: 108.148817 seconds.
  path: Assets/REDACTED/Igor/CandleWick.shader
  artifactKey: Guid(e998ee6886dfbd54bb0ce412a71f68fa) Importer(815301076,1909f56bfc062723c751e8b465ee728b)
Start importing Assets/REDACTED/Igor/CandleWick.shader using Guid(e998ee6886dfbd54bb0ce412a71f68fa) Importer(815301076,1909f56bfc062723c751e8b465ee728b)  -> (artifact id: '1443fc4d5d476150bad482b6ada4f6b1') in 0.006363 seconds 
========================================================================
Received Import Request.
  Time since last request: 51.224586 seconds.
  path: Assets/REDACTED/Igor/CandleWick.mat
  artifactKey: Guid(57d2c1c6d9f148c428633412759048a2) Importer(815301076,1909f56bfc062723c751e8b465ee728b)
Start importing Assets/REDACTED/Igor/CandleWick.mat using Guid(57d2c1c6d9f148c428633412759048a2) Importer(815301076,1909f56bfc062723c751e8b465ee728b)  -> (artifact id: 'f75748af78df635087c1fb66ec639af8') in 3.165088 seconds 
========================================================================
Received Import Request.
  Time since last request: 32.098096 seconds.
  path: Assets/REDACTED/Igor/CandleWick.mat
  artifactKey: Guid(57d2c1c6d9f148c428633412759048a2) Importer(815301076,1909f56bfc062723c751e8b465ee728b)
Start importing Assets/REDACTED/Igor/CandleWick.mat using Guid(57d2c1c6d9f148c428633412759048a2) Importer(815301076,1909f56bfc062723c751e8b465ee728b)  -> (artifact id: '7a713dfa9e48e6462e5aeac547872921') in 0.055619 seconds 
========================================================================
Received Import Request.
  Time since last request: 75.077917 seconds.
  path: Assets/REDACTED/Igor/CandleWick.mat
  artifactKey: Guid(57d2c1c6d9f148c428633412759048a2) Importer(815301076,1909f56bfc062723c751e8b465ee728b)
Start importing Assets/REDACTED/Igor/CandleWick.mat using Guid(57d2c1c6d9f148c428633412759048a2) Importer(815301076,1909f56bfc062723c751e8b465ee728b)  -> (artifact id: 'f1dac3c7ea2e8461e3c0108dc561ee88') in 4.095506 seconds 
========================================================================
Received Import Request.
  Time since last request: 76.062667 seconds.
  path: Assets/REDACTED/Igor/CandleWick.mat
  artifactKey: Guid(57d2c1c6d9f148c428633412759048a2) Importer(815301076,1909f56bfc062723c751e8b465ee728b)
Start importing Assets/REDACTED/Igor/CandleWick.mat using Guid(57d2c1c6d9f148c428633412759048a2) Importer(815301076,1909f56bfc062723c751e8b465ee728b)  -> (artifact id: 'c67e237c916904ccbe4a68d2a2dc8fd2') in 2.333026 seconds 
========================================================================
Received Import Request.
  Time since last request: 8.724969 seconds.
  path: Assets/REDACTED/Igor/CandleWick.mat
  artifactKey: Guid(57d2c1c6d9f148c428633412759048a2) Importer(815301076,1909f56bfc062723c751e8b465ee728b)
Start importing Assets/REDACTED/Igor/CandleWick.mat using Guid(57d2c1c6d9f148c428633412759048a2) Importer(815301076,1909f56bfc062723c751e8b465ee728b)  -> (artifact id: '6353aa3f917ed590276545bd14c792d4') in 6.354047 seconds 
========================================================================
Received Import Request.
  Time since last request: 29.906773 seconds.
  path: Assets/REDACTED/Igor/CandleWick.mat
  artifactKey: Guid(57d2c1c6d9f148c428633412759048a2) Importer(815301076,1909f56bfc062723c751e8b465ee728b)
Start importing Assets/REDACTED/Igor/CandleWick.mat using Guid(57d2c1c6d9f148c428633412759048a2) Importer(815301076,1909f56bfc062723c751e8b465ee728b)  -> (artifact id: '4c1480e40f5f330d54fddbdec5177ac5') in 3.707157 seconds 
========================================================================
Received Import Request.
  Time since last request: 35.879300 seconds.
  path: Assets/REDACTED/Igor/CandleWick.mat
  artifactKey: Guid(57d2c1c6d9f148c428633412759048a2) Importer(815301076,1909f56bfc062723c751e8b465ee728b)
Start importing Assets/REDACTED/Igor/CandleWick.mat using Guid(57d2c1c6d9f148c428633412759048a2) Importer(815301076,1909f56bfc062723c751e8b465ee728b)  -> (artifact id: '514f6b4a7a1c14316b96263aecad8874') in 2.498101 seconds 
========================================================================
Received Import Request.
  Time since last request: 30.836621 seconds.
  path: Assets/REDACTED/Igor/CandleWick.mat
  artifactKey: Guid(57d2c1c6d9f148c428633412759048a2) Importer(815301076,1909f56bfc062723c751e8b465ee728b)
Start importing Assets/REDACTED/Igor/CandleWick.mat using Guid(57d2c1c6d9f148c428633412759048a2) Importer(815301076,1909f56bfc062723c751e8b465ee728b)  -> (artifact id: '70cb5aacf8d1b01680931f2ba7f26ee6') in 3.910808 seconds 
========================================================================
Received Import Request.
  Time since last request: 1014.664063 seconds.
  path: Assets/REDACTED/Igor/CandleWick.mat
  artifactKey: Guid(57d2c1c6d9f148c428633412759048a2) Importer(815301076,1909f56bfc062723c751e8b465ee728b)
Start importing Assets/REDACTED/Igor/CandleWick.mat using Guid(57d2c1c6d9f148c428633412759048a2) Importer(815301076,1909f56bfc062723c751e8b465ee728b)  -> (artifact id: 'ad5fa112636b34fb6988aaacb9cd9f58') in 0.051744 seconds 
========================================================================
Received Import Request.
  Time since last request: 7.644946 seconds.
  path: Assets/REDACTED/Igor/CandleWick.mat
  artifactKey: Guid(57d2c1c6d9f148c428633412759048a2) Importer(815301076,1909f56bfc062723c751e8b465ee728b)
Start importing Assets/REDACTED/Igor/CandleWick.mat using Guid(57d2c1c6d9f148c428633412759048a2) Importer(815301076,1909f56bfc062723c751e8b465ee728b)  -> (artifact id: '699aa4e09be2d6a01ec1ba2b346d1554') in 0.044077 seconds 
========================================================================
Received Import Request.
  Time since last request: 15.302150 seconds.
  path: Assets/REDACTED/Igor/CandleWick.mat
  artifactKey: Guid(57d2c1c6d9f148c428633412759048a2) Importer(815301076,1909f56bfc062723c751e8b465ee728b)
Start importing Assets/REDACTED/Igor/CandleWick.mat using Guid(57d2c1c6d9f148c428633412759048a2) Importer(815301076,1909f56bfc062723c751e8b465ee728b)  -> (artifact id: 'aec26670fca6a4eef8eabe8c65a4ffd7') in 0.052739 seconds 
========================================================================
Received Import Request.
  Time since last request: 2.211858 seconds.
  path: Assets/REDACTED/Igor/CandleWick.shader
  artifactKey: Guid(e998ee6886dfbd54bb0ce412a71f68fa) Importer(815301076,1909f56bfc062723c751e8b465ee728b)
Start importing Assets/REDACTED/Igor/CandleWick.shader using Guid(e998ee6886dfbd54bb0ce412a71f68fa) Importer(815301076,1909f56bfc062723c751e8b465ee728b)  -> (artifact id: '84fd4c411cc5c9b0486af3d2ff9de830') in 0.004263 seconds 
========================================================================
Received Import Request.
  Time since last request: 47.362380 seconds.
  path: Assets/REDACTED/Igor/CandleWick.mat
  artifactKey: Guid(57d2c1c6d9f148c428633412759048a2) Importer(815301076,1909f56bfc062723c751e8b465ee728b)
Start importing Assets/REDACTED/Igor/CandleWick.mat using Guid(57d2c1c6d9f148c428633412759048a2) Importer(815301076,1909f56bfc062723c751e8b465ee728b)  -> (artifact id: 'd09d2767268b1b477193fe573c577746') in 3.551745 seconds 
========================================================================
Received Prepare
Registering precompiled user dll's ...
Registered in 0.006945 seconds.
Begin MonoManager ReloadAssembly
Native extension for WindowsStandalone target not found
Refreshing native plugins compatible for Editor in 2.23 ms, found 2 plugins.
Preloading 0 native plugins for Editor in 0.00 ms.
Mono: successfully reloaded assembly
- Completed reload, in  2.619 seconds
Domain Reload Profiling:
	ReloadAssembly (2621ms)
		BeginReloadAssembly (218ms)
			ExecutionOrderSort (0ms)
			DisableScriptedObjects (19ms)
			BackupInstance (0ms)
			ReleaseScriptingObjects (0ms)
			CreateAndSetChildDomain (66ms)
		EndReloadAssembly (2239ms)
			LoadAssemblies (130ms)
			RebuildTransferFunctionScriptingTraits (0ms)
			SetupTypeCache (440ms)
			ReleaseScriptCaches (3ms)
			RebuildScriptCaches (147ms)
			SetupLoadedEditorAssemblies (1295ms)
				LogAssemblyErrors (0ms)
				InitializePlatformSupportModulesInManaged (21ms)
				SetLoadedEditorAssemblies (1ms)
				RefreshPlugins (2ms)
				BeforeProcessingInitializeOnLoad (133ms)
				ProcessInitializeOnLoadAttributes (961ms)
				ProcessInitializeOnLoadMethodAttributes (169ms)
				AfterProcessingInitializeOnLoad (7ms)
				EditorAssembliesLoaded (0ms)
			ExecutionOrderSort2 (0ms)
			AwakeInstancesAfterBackupRestoration (51ms)
Platform modules already initialized, skipping
Shader 'Hidden/BOXOPHOBIC/The Vegetation Engine/Helpers/Debug': dependency 'LightMode' shader 'ForwardBase' not found
Refreshing native plugins compatible for Editor in 2.88 ms, found 2 plugins.
Preloading 0 native plugins for Editor in 0.00 ms.
Unloading 4072 Unused Serialized files (Serialized files now loaded: 0)
Unloading 238 unused Assets / (12.6 MB). Loaded Objects now: 4826.
Memory consumption went from 268.8 MB to 256.2 MB.
Total: 35.597600 ms (FindLiveObjects: 1.340200 ms CreateObjectMapping: 0.885300 ms MarkObjects: 11.263700 ms  DeleteObjects: 22.105700 ms)

AssetImportParameters requested are different than current active one (requested -> active):
  custom:video-decoder-ogg-theora: a1e56fd34408186e4bbccfd4996cb3dc -> 
  custom:container-muxer-webm: aa71ff27fc2769a1b78a27578f13a17b -> 
  custom:container-demuxer-webm: 4f35f7cbe854078d1ac9338744f61a02 -> 
  custom:video-encoder-webm-vp8: eb34c28f22e8b96e1ab97ce403110664 -> 
  custom:video-codec-MediaFoundation-h265: 746d11721c4dcdbdad8f713fa42b33f4 -> 
  custom:audio-encoder-webm-vorbis: bf7c407c2cedff20999df2af8eb42d56 -> 
  custom:framework-win-MediaFoundation: 216162199b28c13a410421893ffa2e32 -> 
  custom:container-demuxer-ogg: 62fdf1f143b41e24485cea50d1cbac27 -> 
  custom:video-decoder-webm-vp8: 9c59270c3fd7afecdb556c50c9e8de78 -> 
  custom:audio-decoder-ogg-vorbis: bf7c407c2cedff20999df2af8eb42d56 -> 
========================================================================
Received Import Request.
  Time since last request: 116.632291 seconds.
  path: Assets/REDACTED/Igor/Materials
  artifactKey: Guid(456d241cf3ab154428c419ced839f24d) Importer(815301076,1909f56bfc062723c751e8b465ee728b)
Start importing Assets/REDACTED/Igor/Materials using Guid(456d241cf3ab154428c419ced839f24d) Importer(815301076,1909f56bfc062723c751e8b465ee728b)  -> (artifact id: '05e70dcbb6f065676c6d34cc74ba0650') in 0.030086 seconds 
========================================================================
Received Import Request.
  Time since last request: 0.243360 seconds.
  path: Assets/REDACTED/Igor/Materials/flame_test_shading_1.1.mat
  artifactKey: Guid(25b8334e048a2364983c67c93f191aab) Importer(815301076,1909f56bfc062723c751e8b465ee728b)
Start importing Assets/REDACTED/Igor/Materials/flame_test_shading_1.1.mat using Guid(25b8334e048a2364983c67c93f191aab) Importer(815301076,1909f56bfc062723c751e8b465ee728b)  -> (artifact id: 'e9293c5afa2e43d96a8cacc009e96f7f') in 0.367221 seconds 
========================================================================
Received Import Request.
  Time since last request: 1241.008542 seconds.
  path: Assets/REDACTED/Igor/CandleWick.mat
  artifactKey: Guid(57d2c1c6d9f148c428633412759048a2) Importer(815301076,1909f56bfc062723c751e8b465ee728b)
Start importing Assets/REDACTED/Igor/CandleWick.mat using Guid(57d2c1c6d9f148c428633412759048a2) Importer(815301076,1909f56bfc062723c751e8b465ee728b)  -> (artifact id: '130b6f13c16b2edd99674a7d1daddbef') in 0.056943 seconds 
